[20:19:23] [ServerMain/INFO]: Environment: Environment[sessionHost=https://sessionserver.mojang.com, servicesHost=https://api.minecraftservices.com, name=PROD]
[20:19:25] [ServerMain/INFO]: Loaded 1290 recipes
[20:19:26] [Server thread/INFO]: Starting minecraft server version 1.21
[20:19:26] [Server thread/INFO]: Loading properties
[20:19:26] [Server thread/INFO]: Default game type: SURVIVAL
[20:19:26] [Server thread/INFO]: Generating keypair
[20:19:26] [Server thread/INFO]: Starting Minecraft server on *:25565
[20:19:26] [Server thread/INFO]: Using epoll channel type
[20:19:26] [Server thread/INFO]: This server is running CraftBukkit version 4226-Bukkit-2889b3a (MC: 1.21) (Implementing API version 1.21-R0.1-SNAPSHOT)
[20:19:27] [Server thread/INFO]: [TreeFeller] Loading TreeFeller v1.24.1
[20:19:27] [Server thread/WARN]: **** SERVER IS RUNNING IN OFFLINE/INSECURE MODE!
[20:19:27] [Server thread/WARN]: The server will make no attempt to authenticate usernames. Beware.
[20:19:27] [Server thread/WARN]: While this makes the game possible to play without internet access, it also opens up the ability for hackers to connect with any username they choose.
[20:19:27] [Server thread/WARN]: To change this, set "online-mode" to "true" in the server.properties file.
[20:19:27] [Server thread/INFO]: Preparing level "world"
[20:19:30] [Server thread/INFO]: Preparing start region for dimension minecraft:overworld
[20:19:31] [Worker-Main-2/INFO]: Preparing spawn area: 0%
[20:19:31] [Server thread/INFO]: Time elapsed: 609 ms
[20:19:31] [Server thread/INFO]: Preparing start region for dimension minecraft:the_nether
[20:19:31] [Worker-Main-3/INFO]: Preparing spawn area: 0%
[20:19:31] [Server thread/INFO]: Time elapsed: 197 ms
[20:19:31] [Server thread/INFO]: Preparing start region for dimension minecraft:the_end
[20:19:31] [Worker-Main-3/INFO]: Preparing spawn area: 0%
[20:19:31] [Server thread/INFO]: Time elapsed: 177 ms
[20:19:31] [Server thread/INFO]: [TreeFeller] Enabling TreeFeller v1.24.1
[20:19:31] [Server thread/INFO]: [TreeFeller] TreeFeller has been enabled! (Version 1.24.1) by ThizThizzyDizzy
[20:19:32] [Server thread/INFO]: [TreeFeller] Server version: 1.21-R0.1-SNAPSHOT
[20:19:32] [Server thread/INFO]: [TreeFeller] Loaded global values:
[20:19:32] [Server thread/INFO]: [TreeFeller] - Startup Logs: true
[20:19:32] [Server thread/INFO]: [TreeFeller] - Default Enabled: true
[20:19:32] [Server thread/INFO]: [TreeFeller] - Scan Distance: 256
[20:19:32] [Server thread/INFO]: [TreeFeller] - Leaf Detect Range: 6
[20:19:32] [Server thread/INFO]: [TreeFeller] - Leaf Break Range: 6
[20:19:32] [Server thread/INFO]: [TreeFeller] - Required Logs: 4
[20:19:32] [Server thread/INFO]: [TreeFeller] - Required Leaves: 10
[20:19:32] [Server thread/INFO]: [TreeFeller] - Max Logs: 250
[20:19:32] [Server thread/INFO]: [TreeFeller] - Max Height: 5
[20:19:32] [Server thread/INFO]: [TreeFeller] - Allow Partial: false
[20:19:32] [Server thread/INFO]: [TreeFeller] - Allow Partial Tool: false
[20:19:32] [Server thread/INFO]: [TreeFeller] - Player Leaves: false
[20:19:32] [Server thread/INFO]: [TreeFeller] - Diagonal Leaves: false
[20:19:32] [Server thread/INFO]: [TreeFeller] - Ignore Leaf Data: false
[20:19:32] [Server thread/INFO]: [TreeFeller] - Require Cross Section: false
[20:19:32] [Server thread/INFO]: [TreeFeller] - Force Distance Check: false
[20:19:32] [Server thread/INFO]: [TreeFeller] - Decorations: [snow, vines, cocoa, weeping vines, moss]
[20:19:32] [Server thread/INFO]: [TreeFeller] - Max Horizontal Trunk Pillar Length: 6
[20:19:32] [Server thread/INFO]: [TreeFeller] - Min Vertical Log Ratio: 0.5
[20:19:32] [Server thread/INFO]: [TreeFeller] - Cutting Animation: false
[20:19:32] [Server thread/INFO]: [TreeFeller] - Anim Delay: 1
[20:19:32] [Server thread/INFO]: [TreeFeller] - Replant Saplings: false
[20:19:32] [Server thread/INFO]: [TreeFeller] - Use Tree Saplings: true
[20:19:32] [Server thread/INFO]: [TreeFeller] - Use Inventory Saplings: false
[20:19:32] [Server thread/INFO]: [TreeFeller] - Spawn Saplings: 0
[20:19:32] [Server thread/INFO]: [TreeFeller] - Sapling Timeout: 50
[20:19:32] [Server thread/INFO]: [TreeFeller] - Grass: [GRASS_BLOCK, DIRT, PODZOL]
[20:19:32] [Server thread/INFO]: [TreeFeller] - Root Distance: 6
[20:19:32] [Server thread/INFO]: [TreeFeller] - Log Behavior: BREAK
[20:19:32] [Server thread/INFO]: [TreeFeller] - Leaf Behavior: BREAK
[20:19:32] [Server thread/INFO]: [TreeFeller] - Fall Hurt Amount: 2.0
[20:19:32] [Server thread/INFO]: [TreeFeller] - Fall Hurt Max: 40
[20:19:32] [Server thread/INFO]: [TreeFeller] - Directional Fall Behavior: RANDOM
[20:19:32] [Server thread/INFO]: [TreeFeller] - Overridables: [TALL_GRASS, AIR, CAVE_AIR, WATER, FERN, SEAGRASS, LARGE_FERN, TALL_SEAGRASS]
[20:19:32] [Server thread/INFO]: [TreeFeller] - Lock Fall Cardinal: false
[20:19:32] [Server thread/INFO]: [TreeFeller] - Directional Fall Velocity: 0.35
[20:19:32] [Server thread/INFO]: [TreeFeller] - Vertical Fall Velocity: 0.05
[20:19:32] [Server thread/INFO]: [TreeFeller] - Explosive Fall Velocity: 0.0
[20:19:32] [Server thread/INFO]: [TreeFeller] - Random Fall Velocity: 0.0
[20:19:32] [Server thread/INFO]: [TreeFeller] - Fall Delay: 0
[20:19:32] [Server thread/INFO]: [TreeFeller] - Respect Unbreaking: true
[20:19:32] [Server thread/INFO]: [TreeFeller] - Respect Unbreakable: true
[20:19:32] [Server thread/INFO]: [TreeFeller] - Damage Mult: 1.0
[20:19:32] [Server thread/INFO]: [TreeFeller] - Stacked Tools: false
[20:19:32] [Server thread/INFO]: [TreeFeller] - Leaf Fortune: true
[20:19:32] [Server thread/INFO]: [TreeFeller] - Leaf Silk Touch: false
[20:19:32] [Server thread/INFO]: [TreeFeller] - Log Fortune: true
[20:19:32] [Server thread/INFO]: [TreeFeller] - Log Silk Touch: true
[20:19:32] [Server thread/INFO]: [TreeFeller] - Leave Stump: false
[20:19:32] [Server thread/INFO]: [TreeFeller] - Rotate Logs: true
[20:19:32] [Server thread/INFO]: [TreeFeller] - Drop Conversions: {WARPED_HYPHAE=WARPED_STEM, CRIMSON_HYPHAE=CRIMSON_STEM, DARK_OAK_WOOD=DARK_OAK_LOG, SPRUCE_WOOD=SPRUCE_LOG, OAK_WOOD=OAK_LOG, ACACIA_WOOD=ACACIA_LOG, JUNGLE_WOOD=JUNGLE_LOG, BIRCH_WOOD=BIRCH_LOG}
[20:19:32] [Server thread/INFO]: [TreeFeller] - Leaf Drop Chance: 1.0
[20:19:32] [Server thread/INFO]: [TreeFeller] - Log Drop Chance: 1.0
[20:19:32] [Server thread/INFO]: [TreeFeller] - Effects: []
[20:19:32] [Server thread/INFO]: [TreeFeller] - Consumed Food Base: 0.0
[20:19:32] [Server thread/INFO]: [TreeFeller] - Consumed Food Logs: 0.0
[20:19:32] [Server thread/INFO]: [TreeFeller] - Consumed Food Leaves: 0.0
[20:19:32] [Server thread/INFO]: [TreeFeller] - Consumed Health Base: 0.0
[20:19:32] [Server thread/INFO]: [TreeFeller] - Consumed Health Logs: 0.0
[20:19:32] [Server thread/INFO]: [TreeFeller] - Consumed Health Leaves: 0.0
[20:19:32] [Server thread/INFO]: [TreeFeller] - Prevent Breakage: false
[20:19:32] [Server thread/INFO]: [TreeFeller] - Enable Adventure: false
[20:19:32] [Server thread/INFO]: [TreeFeller] - Enable Survival: true
[20:19:32] [Server thread/INFO]: [TreeFeller] - Enable Creative: false
[20:19:32] [Server thread/INFO]: [TreeFeller] - With Sneak: false
[20:19:32] [Server thread/INFO]: [TreeFeller] - Without Sneak: true
[20:19:32] [Server thread/INFO]: [TreeFeller] - World Blacklist: false
[20:19:32] [Server thread/INFO]: [TreeFeller] - Cascade: false
[20:19:32] [Server thread/INFO]: [TreeFeller] - Parallel Cascade Limit: 1
[20:19:32] [Server thread/INFO]: [TreeFeller] - Cascade Check Limit: 64
[20:19:32] [Server thread/INFO]: [TreeFeller] - MMOCore Trunk XP: {woodcutting=1.0}
[20:19:32] [Server thread/INFO]: [TreeFeller] - MMOCore Leaves XP: {woodcutting=0.0}
[20:19:32] [Server thread/INFO]: [TreeFeller] - MMOCore Tree XP: {woodcutting=0.0}
[20:19:32] [Server thread/INFO]: [TreeFeller] - MMOCore Emulate Regen: false
[20:19:32] [Server thread/INFO]: [TreeFeller] - Compatibility MMOCore: true
[20:19:32] [Server thread/INFO]: [TreeFeller] - Compatibility Jobs: true
[20:19:32] [Server thread/INFO]: [TreeFeller] - MCMMO Double Drops: true
[20:19:32] [Server thread/INFO]: [TreeFeller] - Compatibility mcMMO: true
[20:19:32] [Server thread/INFO]: [TreeFeller] - Compatibility mcMMO Classic: true
[20:19:32] [Server thread/INFO]: [TreeFeller] - Compatibility CoreProtect: true
[20:19:32] [Server thread/INFO]: [TreeFeller] - Compatibility WorldGuard: true
[20:19:32] [Server thread/INFO]: [TreeFeller] - Compatibility GriefPrevention: true
[20:19:32] [Server thread/INFO]: [TreeFeller] - Compatibility Towny: true
[20:19:32] [Server thread/INFO]: [TreeFeller] - OreRegenerator Regen Delay: 1200
[20:19:32] [Server thread/INFO]: [TreeFeller] - Compatibility OreRegenerator: false
[20:19:32] [Server thread/INFO]: [TreeFeller] - Compatibility Drop2Inventory: true
[20:19:32] [Server thread/INFO]: [TreeFeller] - EcoSkills Trunk XP: {Woodcutting=1.0}
[20:19:32] [Server thread/INFO]: [TreeFeller] - EcoSkills Leaves XP: {woodcutting=0.0}
[20:19:32] [Server thread/INFO]: [TreeFeller] - EcoSkills Tree XP: {woodcutting=0.0}
[20:19:32] [Server thread/INFO]: [TreeFeller] - Compatibility EcoSkills: true
[20:19:32] [Server thread/INFO]: [TreeFeller] - EcoJobs Apply Multipliers: true
[20:19:32] [Server thread/INFO]: [TreeFeller] - Compatibility EcoJobs: true
[20:19:32] [Server thread/INFO]: [TreeFeller] - Compatibility LogBlock Legacy: false
[20:19:32] [Server thread/INFO]: [TreeFeller] - Compatibility LogBlock: true
[20:19:32] [Server thread/INFO]: [TreeFeller] - Compatibility Lands: true
[20:19:32] [Server thread/INFO]: [TreeFeller] - Compatibility PlaceholderAPI: true
[20:19:32] [Server thread/INFO]: [TreeFeller] - Compatibility SaberFactions: true
[20:19:32] [Server thread/INFO]: [TreeFeller] - AureliumSkills Trunk XP: {foraging=1.0}
[20:19:32] [Server thread/INFO]: [TreeFeller] - AureliumSkills Leaves XP: {foraging=0.0}
[20:19:32] [Server thread/INFO]: [TreeFeller] - AureliumSkills Apply Modifiers: true
[20:19:32] [Server thread/INFO]: [TreeFeller] - Compatibility AureliumSkills: true
[20:19:32] [Server thread/INFO]: [TreeFeller] - Compatibility BlockRegen: false
[20:19:32] [Server thread/INFO]: [TreeFeller] - Compatibility Prism: true
[20:19:32] [Server thread/INFO]: [TreeFeller] Loaded Tree!
[20:19:32] [Server thread/INFO]: [TreeFeller] - Trunk: OAK_LOG, OAK_WOOD
[20:19:32] [Server thread/INFO]: [TreeFeller] - Leaves: OAK_LEAVES
[20:19:32] [Server thread/INFO]: [TreeFeller] - Sapling: [OAK_SAPLING]
[20:19:32] [Server thread/INFO]: [TreeFeller] - Max Saplings: 1
[20:19:32] [Server thread/INFO]: [TreeFeller] Loaded Tree!
[20:19:32] [Server thread/INFO]: [TreeFeller] - Trunk: BIRCH_LOG, BIRCH_WOOD
[20:19:32] [Server thread/INFO]: [TreeFeller] - Leaves: BIRCH_LEAVES
[20:19:32] [Server thread/INFO]: [TreeFeller] - Sapling: [BIRCH_SAPLING]
[20:19:32] [Server thread/INFO]: [TreeFeller] - Max Saplings: 1
[20:19:32] [Server thread/INFO]: [TreeFeller] Loaded Tree!
[20:19:32] [Server thread/INFO]: [TreeFeller] - Trunk: SPRUCE_LOG, SPRUCE_WOOD
[20:19:32] [Server thread/INFO]: [TreeFeller] - Leaves: SPRUCE_LEAVES
[20:19:32] [Server thread/INFO]: [TreeFeller] - Sapling: [SPRUCE_SAPLING]
[20:19:32] [Server thread/INFO]: [TreeFeller] - Max Saplings: 4
[20:19:32] [Server thread/INFO]: [TreeFeller] Loaded Tree!
[20:19:32] [Server thread/INFO]: [TreeFeller] - Trunk: JUNGLE_LOG, JUNGLE_WOOD
[20:19:32] [Server thread/INFO]: [TreeFeller] - Leaves: JUNGLE_LEAVES
[20:19:32] [Server thread/INFO]: [TreeFeller] - Sapling: [JUNGLE_SAPLING]
[20:19:32] [Server thread/INFO]: [TreeFeller] - Max Saplings: 4
[20:19:32] [Server thread/INFO]: [TreeFeller] Loaded Tree!
[20:19:32] [Server thread/INFO]: [TreeFeller] - Trunk: DARK_OAK_LOG, DARK_OAK_WOOD
[20:19:32] [Server thread/INFO]: [TreeFeller] - Leaves: DARK_OAK_LEAVES
[20:19:32] [Server thread/INFO]: [TreeFeller] - Sapling: [DARK_OAK_SAPLING]
[20:19:32] [Server thread/INFO]: [TreeFeller] - Max Saplings: 4
[20:19:32] [Server thread/INFO]: [TreeFeller] Loaded Tree!
[20:19:32] [Server thread/INFO]: [TreeFeller] - Trunk: ACACIA_LOG, ACACIA_WOOD
[20:19:32] [Server thread/INFO]: [TreeFeller] - Leaves: ACACIA_LEAVES
[20:19:32] [Server thread/INFO]: [TreeFeller] - Sapling: [ACACIA_SAPLING]
[20:19:32] [Server thread/INFO]: [TreeFeller] - Max Saplings: 1
[20:19:32] [Server thread/INFO]: [TreeFeller] Loaded Tree!
[20:19:32] [Server thread/INFO]: [TreeFeller] - Trunk: OAK_LOG, OAK_WOOD
[20:19:32] [Server thread/INFO]: [TreeFeller] - Leaves: AZALEA_LEAVES, FLOWERING_AZALEA_LEAVES
[20:19:32] [Server thread/INFO]: [TreeFeller] - Diagonal Leaves: true
[20:19:32] [Server thread/INFO]: [TreeFeller] - Sapling: [FLOWERING_AZALEA, AZALEA]
[20:19:32] [Server thread/INFO]: [TreeFeller] - Max Saplings: 1
[20:19:32] [Server thread/INFO]: [TreeFeller] Loaded Tree!
[20:19:32] [Server thread/INFO]: [TreeFeller] - Trunk: MANGROVE_LOG, MANGROVE_WOOD
[20:19:32] [Server thread/INFO]: [TreeFeller] - Leaves: MANGROVE_ROOTS, MANGROVE_LEAVES
[20:19:32] [Server thread/INFO]: [TreeFeller] - Leaf Detect Range: 16
[20:19:32] [Server thread/INFO]: [TreeFeller] - Leaf Break Range: 16
[20:19:32] [Server thread/INFO]: [TreeFeller] - Required Logs: 3
[20:19:32] [Server thread/INFO]: [TreeFeller] - Diagonal Leaves: true
[20:19:32] [Server thread/INFO]: [TreeFeller] - Max Horizontal Trunk Pillar Length: 16
[20:19:32] [Server thread/INFO]: [TreeFeller] - Max Trunks: 16
[20:19:32] [Server thread/INFO]: [TreeFeller] - Sapling: [MANGROVE_PROPAGULE]
[20:19:32] [Server thread/INFO]: [TreeFeller] - Max Saplings: 1
[20:19:32] [Server thread/INFO]: [TreeFeller] - Roots: [MANGROVE_ROOTS]
[20:19:32] [Server thread/INFO]: [TreeFeller] - Root Distance: 16
[20:19:32] [Server thread/INFO]: [TreeFeller] Loaded Tree!
[20:19:32] [Server thread/INFO]: [TreeFeller] - Trunk: CHERRY_LOG, CHERRY_WOOD
[20:19:32] [Server thread/INFO]: [TreeFeller] - Leaves: CHERRY_LEAVES
[20:19:32] [Server thread/INFO]: [TreeFeller] - Sapling: [CHERRY_SAPLING]
[20:19:32] [Server thread/INFO]: [TreeFeller] - Max Saplings: 1
[20:19:32] [Server thread/INFO]: [TreeFeller] Loaded Tree!
[20:19:32] [Server thread/INFO]: [TreeFeller] - Trunk: CRIMSON_STEM, CRIMSON_HYPHAE
[20:19:32] [Server thread/INFO]: [TreeFeller] - Leaves: NETHER_WART_BLOCK, SHROOMLIGHT
[20:19:32] [Server thread/INFO]: [TreeFeller] - Leaf Detect Range: 8
[20:19:32] [Server thread/INFO]: [TreeFeller] - Leaf Break Range: 8
[20:19:32] [Server thread/INFO]: [TreeFeller] - Diagonal Leaves: true
[20:19:32] [Server thread/INFO]: [TreeFeller] - Sapling: [CRIMSON_FUNGUS]
[20:19:32] [Server thread/INFO]: [TreeFeller] - Max Saplings: 1
[20:19:32] [Server thread/INFO]: [TreeFeller] - Grass: [CRIMSON_NYLIUM]
[20:19:32] [Server thread/INFO]: [TreeFeller] Loaded Tree!
[20:19:32] [Server thread/INFO]: [TreeFeller] - Trunk: WARPED_STEM, WARPED_HYPHAE
[20:19:32] [Server thread/INFO]: [TreeFeller] - Leaves: WARPED_WART_BLOCK, SHROOMLIGHT
[20:19:32] [Server thread/INFO]: [TreeFeller] - Leaf Detect Range: 8
[20:19:32] [Server thread/INFO]: [TreeFeller] - Leaf Break Range: 8
[20:19:32] [Server thread/INFO]: [TreeFeller] - Diagonal Leaves: true
[20:19:32] [Server thread/INFO]: [TreeFeller] - Sapling: [WARPED_FUNGUS]
[20:19:32] [Server thread/INFO]: [TreeFeller] - Max Saplings: 1
[20:19:32] [Server thread/INFO]: [TreeFeller] - Grass: [WARPED_NYLIUM]
[20:19:32] [Server thread/INFO]: [TreeFeller] Loaded tool: WOODEN_AXE
[20:19:32] [Server thread/INFO]: [TreeFeller] Loaded tool: STONE_AXE
[20:19:32] [Server thread/INFO]: [TreeFeller] Loaded tool: IRON_AXE
[20:19:32] [Server thread/INFO]: [TreeFeller] Loaded tool: GOLDEN_AXE
[20:19:32] [Server thread/INFO]: [TreeFeller] Loaded tool: DIAMOND_AXE
[20:19:32] [Server thread/INFO]: [TreeFeller] Loaded tool: NETHERITE_AXE
[20:19:32] [Server thread/INFO]: Server permissions file permissions.yml is empty, ignoring it
[20:19:32] [Server thread/INFO]: Done (5.154s)! For help, type "help"
